
> minha-liturgia@0.1.0 build
> next build

⚠ Warning: Next.js inferred your workspace root, but it may not be correct.
 We detected multiple lockfiles and selected the directory of C:\Users\Windows\package-lock.json as the root directory.
 To silence this warning, set `turbopack.root` in your Next.js config, or consider removing one of the lockfiles if it's not needed.
   See https://nextjs.org/docs/app/api-reference/config/next-config-js/turbopack#root-directory for more information.
 Detected additional lockfiles: 
   * C:\Users\Windows\Documents\Projects\Minha-Liturgia\package-lock.json

⨯ Unable to acquire lock at C:\Users\Windows\Documents\Projects\Minha-Liturgia\.next\lock, is an✓ Compiled successfully in 3.3min
  Running TypeScript ...
  Collecting page data using 3 workers ...
  Generating static pages using 3 workers (0/30) ...
  Generating static pages using 3 workers (7/30) 
  Generating static pages using 3 workers (14/30) 
  Generating static pages using 3 workers (22/30) 
✓ Generating static pages using 3 workers (30/30) in 54s
  Finalizing page optimization ...

Route (app)
┌ ƒ /
├ ƒ /_not-found
├ ƒ /api/auth/[...nextauth]
├ ƒ /api/biblioteca/assets/[assetId]/html
├ ƒ /api/biblioteca/assets/direct-upload
├ ƒ /api/biblioteca/assets/html/preview
├ ƒ /api/biblioteca/assets/prepublish-upload
├ ƒ /api/calendario/ics
├ ƒ /api/calendario/ics/[token]
├ ƒ /api/calendario/ics/token
├ ƒ /api/calendario/preferences
├ ƒ /api/calendario/push/subscription
├ ƒ /api/calendario/push/test
├ ƒ /api/internal/library/storage-health
├ ƒ /api/internal/reminders/tick
├ ƒ /api/maria/chat
├ ƒ /biblia
├ ƒ /biblia/[version]/[book]
├ ƒ /biblia/[version]/[book]/[chapter]
├ ƒ /biblia/[version]/buscar
├ ƒ /biblioteca
├ ƒ /biblioteca/[slug]
├ ƒ /biblioteca/[slug]/editar
├ ƒ /biblioteca/novo
├ ƒ /biblioteca/upload
├ ƒ /cadastro
├ ƒ /calendario
├ ƒ /conta
├ ƒ /diario
├ ƒ /entrar
├ ƒ /esqueci-senha
├ ○ /icon.png
├ ƒ /inicio
├ ƒ /minha-devocao
├ ƒ /minha-devocao/[campaignId]
├ ƒ /redefinir-senha
├ ƒ /reenviar-verificacao
└ ƒ /verificar-email


ƒ Proxy (Middleware)

○  (Static)   prerendered as static content
ƒ  (Dynamic)  server-rendered on demand

